<?xml version="1.0" encoding="UTF-8"?>
<testsuite name="com.test.TestHomePage" tests="1" skipped="0" failures="0" errors="0" timestamp="2020-01-17T14:59:24" hostname="DESKTOP-KQDSH1M" time="4.765">
  <properties/>
  <testcase name="checkTitle" classname="com.test.TestHomePage" time="4.765"/>
  <system-out><![CDATA[START!
]]></system-out>
  <system-err><![CDATA[Starting ChromeDriver 79.0.3945.36 (3582db32b33893869b8c1339e8f4d9ed1816f143-refs/branch-heads/3945@{#614}) on port 42159
Only local connections are allowed.
Please protect ports used by ChromeDriver and related test frameworks to prevent access by malicious code.
янв 17, 2020 5:59:24 PM org.openqa.selenium.remote.ProtocolHandshake createSession
INFO: Detected dialect: W3C
]]></system-err>
</testsuite>
