<?xml version="1.0" encoding="UTF-8"?>
<testsuite name="com.Login.LoginPage" tests="1" skipped="0" failures="0" errors="0" timestamp="2020-02-05T15:24:35" hostname="DESKTOP-KQDSH1M" time="4.395">
  <properties/>
  <testcase name="checkPassword" classname="com.Login.LoginPage" time="4.395"/>
  <system-out><![CDATA[START!
END!
]]></system-out>
  <system-err><![CDATA[SLF4J: Failed to load class "org.slf4j.impl.StaticLoggerBinder".
SLF4J: Defaulting to no-operation (NOP) logger implementation
SLF4J: See http://www.slf4j.org/codes.html#StaticLoggerBinder for further details.
Starting ChromeDriver 79.0.3945.36 (3582db32b33893869b8c1339e8f4d9ed1816f143-refs/branch-heads/3945@{#614}) on port 36701
Only local connections are allowed.
Please protect ports used by ChromeDriver and related test frameworks to prevent access by malicious code.
февр. 05, 2020 6:24:34 PM org.openqa.selenium.remote.ProtocolHandshake createSession
INFO: Detected dialect: W3C
]]></system-err>
</testsuite>
